Explain
STAGE DEPENDENCIES:
  Stage-5 is a root stage
  Stage-2 depends on stages: Stage-5
  Stage-0 depends on stages: Stage-2
STAGE PLANS:
  Stage: Stage-5
    Map Reduce Local Work
      Alias -> Map Local Tables:
        $hdt$_0:$hdt$_0:$hdt$_1:b1
          Fetch Operator
            limit: -1

      Alias -> Map Local Operator Tree:
        $hdt$_0:$hdt$_0:$hdt$_1:b1
          TableScan
            alias: b1
            Statistics: Num rows: 6 Data size: 116 Basic stats: COMPLETE Column stats: NONE
            Select Operator
              expressions: item_id (type: bigint), type (type: string), unit_price (type: decimal(4,2))
              outputColumnNames: _col0, _col1, _col2
              Statistics: Num rows: 6 Data size: 116 Basic stats: COMPLETE Column stats: NONE
              HashTable Sink Operator
                keys:
                  0 _col1 (type: bigint)
                  1 _col0 (type: bigint)
  Stage: Stage-2
    Map Reduce
      Map Operator Tree:
          TableScan
            alias: a1
            Statistics: Num rows: 5 Data size: 110 Basic stats: COMPLETE Column stats: NONE
            Select Operator
              expressions: order_id (type: bigint), item_id (type: bigint), quantity (type: smallint)
              outputColumnNames: _col0, _col1, _col2
              Statistics: Num rows: 5 Data size: 110 Basic stats: COMPLETE Column stats: NONE
              Map Join Operator
                condition map:
                     Left Outer Join0 to 1
                keys:
                  0 _col1 (type: bigint)
                  1 _col0 (type: bigint)
                outputColumnNames: _col0, _col2, _col4, _col5
                Statistics: Num rows: 6 Data size: 127 Basic stats: COMPLETE Column stats: NONE
                Select Operator
                  expressions: _col0 (type: bigint), _col4 (type: string), (CAST( _col2 AS decimal(5,0)) * _col5) (type: decimal(10,2))
                  outputColumnNames: _col0, _col1, _col2
                  Statistics: Num rows: 6 Data size: 127 Basic stats: COMPLETE Column stats: NONE
                  Group By Operator
                    keys: _col0 (type: bigint), _col1 (type: string), _col2 (type: decimal(10,2))
                    mode: hash
                    outputColumnNames: _col0, _col1, _col2
                    Statistics: Num rows: 6 Data size: 127 Basic stats: COMPLETE Column stats: NONE
                    Reduce Output Operator
                      key expressions: _col0 (type: bigint), _col1 (type: string), _col2 (type: decimal(10,2))
                      sort order: +++
                      Map-reduce partition columns: _col0 (type: bigint)
                      Statistics: Num rows: 6 Data size: 127 Basic stats: COMPLETE Column stats: NONE
      Local Work:
        Map Reduce Local Work
      Reduce Operator Tree:
        Group By Operator
          keys: KEY._col0 (type: bigint), KEY._col1 (type: string), KEY._col2 (type: decimal(10,2))
          mode: mergepartial
          outputColumnNames: _col0, _col1, _col2
          Statistics: Num rows: 3 Data size: 63 Basic stats: COMPLETE Column stats: NONE
          Select Operator
            expressions: _col0 (type: bigint), CASE WHEN ((_col1 = 'Food')) THEN (_col2) ELSE (0) END (type: decimal(12,2)), CASE WHEN ((_col1 = 'Office')) THEN (_col2) ELSE (0) END (type: decimal(12,2)), CASE WHEN ((_col1 = 'Hygiene')) THEN (_col2) ELSE (0) END (type: decimal(12,2))
            outputColumnNames: _col0, _col1, _col2, _col3
            Statistics: Num rows: 3 Data size: 63 Basic stats: COMPLETE Column stats: NONE
            Group By Operator
              aggregations: sum(_col1), sum(_col2), sum(_col3)
              keys: _col0 (type: bigint)
              mode: complete
              outputColumnNames: _col0, _col1, _col2, _col3
              Statistics: Num rows: 1 Data size: 21 Basic stats: COMPLETE Column stats: NONE
              File Output Operator
                compressed: false
                Statistics: Num rows: 1 Data size: 21 Basic stats: COMPLETE Column stats: NONE
                table:
                    input format: org.apache.hadoop.mapred.SequenceFileInputFormat
                    output format: org.apache.hadoop.hive.ql.io.HiveSequenceFileOutputFormat
                    serde: org.apache.hadoop.hive.serde2.lazy.LazySimpleSerDe
  Stage: Stage-0
    Fetch Operator
      limit: -1
      Processor Tree:
        ListSink