Explain
STAGE DEPENDENCIES:
  Stage-5 is a root stage
  Stage-11 depends on stages: Stage-5
  Stage-4 depends on stages: Stage-11
  Stage-0 depends on stages: Stage-4
STAGE PLANS:
  Stage: Stage-5
    Map Reduce
      Map Operator Tree:
          TableScan
            alias: client_orders
            Statistics: Num rows: 1 Data size: 105 Basic stats: COMPLETE Column stats: NONE
            Filter Operator
              predicate: client_id is not null (type: boolean)
              Statistics: Num rows: 1 Data size: 105 Basic stats: COMPLETE Column stats: NONE
              Select Operator
                expressions: client_id (type: bigint), UDFToInteger(date_format(order_date, 'yyyyMM')) (type: int)
                outputColumnNames: _col0, _col1
                Statistics: Num rows: 1 Data size: 105 Basic stats: COMPLETE Column stats: NONE
                Group By Operator
                  aggregations: max(_col1)
                  keys: _col0 (type: bigint)
                  mode: hash
                  outputColumnNames: _col0, _col1
                  Statistics: Num rows: 1 Data size: 105 Basic stats: COMPLETE Column stats: NONE
                  Reduce Output Operator
                    key expressions: _col0 (type: bigint)
                    sort order: +
                    Map-reduce partition columns: _col0 (type: bigint)
                    Statistics: Num rows: 1 Data size: 105 Basic stats: COMPLETE Column stats: NONE
                    value expressions: _col1 (type: int)
      Reduce Operator Tree:
        Group By Operator
          aggregations: max(VALUE._col0)
          keys: KEY._col0 (type: bigint)
          mode: mergepartial
          outputColumnNames: _col0, _col1
          Statistics: Num rows: 1 Data size: 105 Basic stats: COMPLETE Column stats: NONE
          Filter Operator
            predicate: _col1 is not null (type: boolean)
            Statistics: Num rows: 1 Data size: 105 Basic stats: COMPLETE Column stats: NONE
            File Output Operator
              compressed: false
              table:
                  input format: org.apache.hadoop.mapred.SequenceFileInputFormat
                  output format: org.apache.hadoop.hive.ql.io.HiveSequenceFileOutputFormat
                  serde: org.apache.hadoop.hive.serde2.lazybinary.LazyBinarySerDe
  Stage: Stage-11
    Map Reduce Local Work
      Alias -> Map Local Tables:
        $hdt$_0:$hdt$_0:a
          Fetch Operator
            limit: -1
        $hdt$_0:$hdt$_2:c
          Fetch Operator
            limit: -1
        $hdt$_0:$hdt$_3:d
          Fetch Operator
            limit: -1
      Alias -> Map Local Operator Tree:
        $hdt$_0:$hdt$_0:a
          TableScan
            alias: a
            Statistics: Num rows: 1 Data size: 105 Basic stats: COMPLETE Column stats: NONE
            Filter Operator
              predicate: (client_id is not null and order_date is not null) (type: boolean)
              Statistics: Num rows: 1 Data size: 105 Basic stats: COMPLETE Column stats: NONE
              Select Operator
                expressions: order_id (type: bigint), client_id (type: bigint), order_date (type: date)
                outputColumnNames: _col0, _col1, _col2
                Statistics: Num rows: 1 Data size: 105 Basic stats: COMPLETE Column stats: NONE
                HashTable Sink Operator
                  keys:
                    0 _col1 (type: bigint), UDFToInteger(date_format(_col2, 'yyyyMM')) (type: int)
                    1 _col0 (type: bigint), _col1 (type: int)
        $hdt$_0:$hdt$_2:c
          TableScan
            alias: c
            Statistics: Num rows: 5 Data size: 110 Basic stats: COMPLETE Column stats: NONE
            Select Operator
              expressions: order_id (type: bigint), item_id (type: bigint), quantity (type: smallint)
              outputColumnNames: _col0, _col1, _col2
              Statistics: Num rows: 5 Data size: 110 Basic stats: COMPLETE Column stats: NONE
              HashTable Sink Operator
                keys:
                  0 _col0 (type: bigint)
                  1 _col0 (type: bigint)
        $hdt$_0:$hdt$_3:d
          TableScan
            alias: d
            Statistics: Num rows: 6 Data size: 116 Basic stats: COMPLETE Column stats: NONE
            Select Operator
              expressions: item_id (type: bigint), type (type: string), unit_price (type: decimal(4,2))
              outputColumnNames: _col0, _col1, _col2
              Statistics: Num rows: 6 Data size: 116 Basic stats: COMPLETE Column stats: NONE
              HashTable Sink Operator
                keys:
                  0 _col6 (type: bigint)
                  1 _col0 (type: bigint)
  Stage: Stage-4
    Map Reduce
      Map Operator Tree:
          TableScan
            Map Join Operator
              condition map:
                   Inner Join 0 to 1
              keys:
                0 _col1 (type: bigint), UDFToInteger(date_format(_col2, 'yyyyMM')) (type: int)
                1 _col0 (type: bigint), _col1 (type: int)
              outputColumnNames: _col0, _col1, _col4
              Statistics: Num rows: 1 Data size: 115 Basic stats: COMPLETE Column stats: NONE
              Map Join Operator
                condition map:
                     Left Outer Join0 to 1
                keys:
                  0 _col0 (type: bigint)
                  1 _col0 (type: bigint)
                outputColumnNames: _col1, _col4, _col6, _col7
                Statistics: Num rows: 5 Data size: 121 Basic stats: COMPLETE Column stats: NONE
                Map Join Operator
                  condition map:
                       Left Outer Join0 to 1
                  keys:
                    0 _col6 (type: bigint)
                    1 _col0 (type: bigint)
                  outputColumnNames: _col1, _col4, _col7, _col9, _col10
                  Statistics: Num rows: 6 Data size: 127 Basic stats: COMPLETE Column stats: NONE
                  Select Operator
                    expressions: _col1 (type: bigint), _col9 (type: string), _col4 (type: int), (CAST( _col7 AS decimal(5,0)) * _col10) (type: decimal(10,2))
                    outputColumnNames: _col0, _col1, _col2, _col3
                    Statistics: Num rows: 6 Data size: 127 Basic stats: COMPLETE Column stats: NONE
                    Group By Operator
                      aggregations: sum(_col3)
                      keys: _col0 (type: bigint), _col1 (type: string), _col2 (type: int)
                      mode: hash
                      outputColumnNames: _col0, _col1, _col2, _col3
                      Statistics: Num rows: 6 Data size: 127 Basic stats: COMPLETE Column stats: NONE
                      Reduce Output Operator
                        key expressions: _col0 (type: bigint), _col1 (type: string), _col2 (type: int)
                        sort order: +++
                        Map-reduce partition columns: _col0 (type: bigint), _col1 (type: string), _col2 (type: int)
                        Statistics: Num rows: 6 Data size: 127 Basic stats: COMPLETE Column stats: NONE
                        value expressions: _col3 (type: decimal(20,2))
      Local Work:
        Map Reduce Local Work
      Reduce Operator Tree:
        Group By Operator
          aggregations: sum(VALUE._col0)
          keys: KEY._col0 (type: bigint), KEY._col1 (type: string), KEY._col2 (type: int)
          mode: mergepartial
          outputColumnNames: _col0, _col1, _col2, _col3
          Statistics: Num rows: 3 Data size: 63 Basic stats: COMPLETE Column stats: NONE
          Select Operator
            expressions: _col0 (type: bigint), map(_col1:_col3) (type: map<string,decimal(20,2)>), _col2 (type: int)
            outputColumnNames: _col0, _col1, _col2
            Statistics: Num rows: 3 Data size: 63 Basic stats: COMPLETE Column stats: NONE
            File Output Operator
              compressed: false
              Statistics: Num rows: 3 Data size: 63 Basic stats: COMPLETE Column stats: NONE
              table:
                  input format: org.apache.hadoop.mapred.SequenceFileInputFormat
                  output format: org.apache.hadoop.hive.ql.io.HiveSequenceFileOutputFormat
                  serde: org.apache.hadoop.hive.serde2.lazy.LazySimpleSerDe
  Stage: Stage-0
    Fetch Operator
      limit: -1
      Processor Tree:
        ListSink