Explain
STAGE DEPENDENCIES:
  Stage-1 is a root stage
  Stage-0 depends on stages: Stage-1
STAGE PLANS:
  Stage: Stage-1
    Map Reduce
      Map Operator Tree:
          TableScan
            alias: tmp_client_purchase_map
            Statistics: Num rows: 9 Data size: 184 Basic stats: COMPLETE Column stats: NONE
            Select Operator
              expressions: client_id (type: bigint), order_year_month (type: int), group_type_total_value['Food'] (type: decimal(20,2)), group_type_total_value['Office'] (type: decimal(20,2)), group_type_total_value['Hygiene'] (type: decimal(20,2))
              outputColumnNames: _col0, _col1, _col2, _col3, _col4
              Statistics: Num rows: 9 Data size: 184 Basic stats: COMPLETE Column stats: NONE
              Group By Operator
                aggregations: collect_list(_col2), collect_list(_col3), collect_list(_col4)
                keys: _col0 (type: bigint), _col1 (type: int)
                mode: hash
                outputColumnNames: _col0, _col1, _col2, _col3, _col4
                Statistics: Num rows: 9 Data size: 184 Basic stats: COMPLETE Column stats: NONE
                Reduce Output Operator
                  key expressions: _col0 (type: bigint), _col1 (type: int)
                  sort order: ++
                  Map-reduce partition columns: _col0 (type: bigint), _col1 (type: int)
                  Statistics: Num rows: 9 Data size: 184 Basic stats: COMPLETE Column stats: NONE
                  value expressions: _col2 (type: array<decimal(20,2)>), _col3 (type: array<decimal(20,2)>), _col4 (type: array<decimal(20,2)>)
      Reduce Operator Tree:
        Group By Operator
          aggregations: collect_list(VALUE._col0), collect_list(VALUE._col1), collect_list(VALUE._col2)
          keys: KEY._col0 (type: bigint), KEY._col1 (type: int)
          mode: mergepartial
          outputColumnNames: _col0, _col1, _col2, _col3, _col4
          Statistics: Num rows: 4 Data size: 81 Basic stats: COMPLETE Column stats: NONE
          Select Operator
            expressions: _col0 (type: bigint), COALESCE(_col2[0],0) (type: decimal(20,2)), COALESCE(_col3[0],0) (type: decimal(20,2)), COALESCE(_col4[0],0) (type: decimal(20,2)), _col1 (type: int)
            outputColumnNames: _col0, _col1, _col2, _col3, _col4
            Statistics: Num rows: 4 Data size: 81 Basic stats: COMPLETE Column stats: NONE
            File Output Operator
              compressed: false
              Statistics: Num rows: 4 Data size: 81 Basic stats: COMPLETE Column stats: NONE
              table:
                  input format: org.apache.hadoop.mapred.SequenceFileInputFormat
                  output format: org.apache.hadoop.hive.ql.io.HiveSequenceFileOutputFormat
                  serde: org.apache.hadoop.hive.serde2.lazy.LazySimpleSerDe
  Stage: Stage-0
    Fetch Operator
      limit: -1
      Processor Tree:
        ListSink